Determining if the pthread_create exist failed with the following output:
Change Dir: /home/user/CLionProjects/shared_memory/cmake-build-debug/CMakeFiles/CMakeTmp

Run Build Command:"/usr/bin/make" "cmTC_018ed/fast"
/usr/bin/make -f CMakeFiles/cmTC_018ed.dir/build.make CMakeFiles/cmTC_018ed.dir/build
make[1]: Entering directory '/home/user/CLionProjects/shared_memory/cmake-build-debug/CMakeFiles/CMakeTmp'
Building C object CMakeFiles/cmTC_018ed.dir/CheckSymbolExists.c.o
/usr/bin/cc     -o CMakeFiles/cmTC_018ed.dir/CheckSymbolExists.c.o   -c /home/user/CLionProjects/shared_memory/cmake-build-debug/CMakeFiles/CMakeTmp/CheckSymbolExists.c
Linking C executable cmTC_018ed
/opt/new_clion/clion-2017.1.3/bin/cmake/bin/cmake -E cmake_link_script CMakeFiles/cmTC_018ed.dir/link.txt --verbose=1
/usr/bin/cc       CMakeFiles/cmTC_018ed.dir/CheckSymbolExists.c.o  -o cmTC_018ed 
CMakeFiles/cmTC_018ed.dir/CheckSymbolExists.c.o: In function `main':
CheckSymbolExists.c:(.text+0x16): undefined reference to `pthread_create'
collect2: error: ld returned 1 exit status
CMakeFiles/cmTC_018ed.dir/build.make:97: recipe for target 'cmTC_018ed' failed
make[1]: *** [cmTC_018ed] Error 1
make[1]: Leaving directory '/home/user/CLionProjects/shared_memory/cmake-build-debug/CMakeFiles/CMakeTmp'
Makefile:126: recipe for target 'cmTC_018ed/fast' failed
make: *** [cmTC_018ed/fast] Error 2

File /home/user/CLionProjects/shared_memory/cmake-build-debug/CMakeFiles/CMakeTmp/CheckSymbolExists.c:
/* */
#include <pthread.h>

int main(int argc, char** argv)
{
  (void)argv;
#ifndef pthread_create
  return ((int*)(&pthread_create))[argc];
#else
  (void)argc;
  return 0;
#endif
}

Determining if the function pthread_create exists in the pthreads failed with the following output:
Change Dir: /home/user/CLionProjects/shared_memory/cmake-build-debug/CMakeFiles/CMakeTmp

Run Build Command:"/usr/bin/make" "cmTC_39fcb/fast"
/usr/bin/make -f CMakeFiles/cmTC_39fcb.dir/build.make CMakeFiles/cmTC_39fcb.dir/build
make[1]: Entering directory '/home/user/CLionProjects/shared_memory/cmake-build-debug/CMakeFiles/CMakeTmp'
Building C object CMakeFiles/cmTC_39fcb.dir/CheckFunctionExists.c.o
/usr/bin/cc    -DCHECK_FUNCTION_EXISTS=pthread_create   -o CMakeFiles/cmTC_39fcb.dir/CheckFunctionExists.c.o   -c /opt/new_clion/clion-2017.1.3/bin/cmake/share/cmake-3.7/Modules/CheckFunctionExists.c
Linking C executable cmTC_39fcb
/opt/new_clion/clion-2017.1.3/bin/cmake/bin/cmake -E cmake_link_script CMakeFiles/cmTC_39fcb.dir/link.txt --verbose=1
/usr/bin/cc   -DCHECK_FUNCTION_EXISTS=pthread_create    CMakeFiles/cmTC_39fcb.dir/CheckFunctionExists.c.o  -o cmTC_39fcb -lpthreads 
/usr/bin/ld: cannot find -lpthreads
collect2: error: ld returned 1 exit status
CMakeFiles/cmTC_39fcb.dir/build.make:97: recipe for target 'cmTC_39fcb' failed
make[1]: *** [cmTC_39fcb] Error 1
make[1]: Leaving directory '/home/user/CLionProjects/shared_memory/cmake-build-debug/CMakeFiles/CMakeTmp'
Makefile:126: recipe for target 'cmTC_39fcb/fast' failed
make: *** [cmTC_39fcb/fast] Error 2


