Determining if the pthread_create exist failed with the following output:
Change Dir: /home/user/CLionProjects/boost_shared_memory/cmake-build-debug/CMakeFiles/CMakeTmp

Run Build Command:"/usr/bin/make" "cmTC_1d0e1/fast"
/usr/bin/make -f CMakeFiles/cmTC_1d0e1.dir/build.make CMakeFiles/cmTC_1d0e1.dir/build
make[1]: Entering directory '/home/user/CLionProjects/boost_shared_memory/cmake-build-debug/CMakeFiles/CMakeTmp'
Building C object CMakeFiles/cmTC_1d0e1.dir/CheckSymbolExists.c.o
/usr/bin/cc     -o CMakeFiles/cmTC_1d0e1.dir/CheckSymbolExists.c.o   -c /home/user/CLionProjects/boost_shared_memory/cmake-build-debug/CMakeFiles/CMakeTmp/CheckSymbolExists.c
Linking C executable cmTC_1d0e1
/opt/new_clion/clion-2017.1.3/bin/cmake/bin/cmake -E cmake_link_script CMakeFiles/cmTC_1d0e1.dir/link.txt --verbose=1
/usr/bin/cc       CMakeFiles/cmTC_1d0e1.dir/CheckSymbolExists.c.o  -o cmTC_1d0e1 
CMakeFiles/cmTC_1d0e1.dir/CheckSymbolExists.c.o: In function `main':
CheckSymbolExists.c:(.text+0x16): undefined reference to `pthread_create'
collect2: error: ld returned 1 exit status
CMakeFiles/cmTC_1d0e1.dir/build.make:97: recipe for target 'cmTC_1d0e1' failed
make[1]: *** [cmTC_1d0e1] Error 1
make[1]: Leaving directory '/home/user/CLionProjects/boost_shared_memory/cmake-build-debug/CMakeFiles/CMakeTmp'
Makefile:126: recipe for target 'cmTC_1d0e1/fast' failed
make: *** [cmTC_1d0e1/fast] Error 2

File /home/user/CLionProjects/boost_shared_memory/cmake-build-debug/CMakeFiles/CMakeTmp/CheckSymbolExists.c:
/* */
#include <pthread.h>

int main(int argc, char** argv)
{
  (void)argv;
#ifndef pthread_create
  return ((int*)(&pthread_create))[argc];
#else
  (void)argc;
  return 0;
#endif
}

Determining if the function pthread_create exists in the pthreads failed with the following output:
Change Dir: /home/user/CLionProjects/boost_shared_memory/cmake-build-debug/CMakeFiles/CMakeTmp

Run Build Command:"/usr/bin/make" "cmTC_4b966/fast"
/usr/bin/make -f CMakeFiles/cmTC_4b966.dir/build.make CMakeFiles/cmTC_4b966.dir/build
make[1]: Entering directory '/home/user/CLionProjects/boost_shared_memory/cmake-build-debug/CMakeFiles/CMakeTmp'
Building C object CMakeFiles/cmTC_4b966.dir/CheckFunctionExists.c.o
/usr/bin/cc    -DCHECK_FUNCTION_EXISTS=pthread_create   -o CMakeFiles/cmTC_4b966.dir/CheckFunctionExists.c.o   -c /opt/new_clion/clion-2017.1.3/bin/cmake/share/cmake-3.7/Modules/CheckFunctionExists.c
Linking C executable cmTC_4b966
/opt/new_clion/clion-2017.1.3/bin/cmake/bin/cmake -E cmake_link_script CMakeFiles/cmTC_4b966.dir/link.txt --verbose=1
/usr/bin/cc   -DCHECK_FUNCTION_EXISTS=pthread_create    CMakeFiles/cmTC_4b966.dir/CheckFunctionExists.c.o  -o cmTC_4b966 -lpthreads 
/usr/bin/ld: cannot find -lpthreads
collect2: error: ld returned 1 exit status
CMakeFiles/cmTC_4b966.dir/build.make:97: recipe for target 'cmTC_4b966' failed
make[1]: *** [cmTC_4b966] Error 1
make[1]: Leaving directory '/home/user/CLionProjects/boost_shared_memory/cmake-build-debug/CMakeFiles/CMakeTmp'
Makefile:126: recipe for target 'cmTC_4b966/fast' failed
make: *** [cmTC_4b966/fast] Error 2


