Determining if the pthread_create exist failed with the following output:
Change Dir: /home/user/CLionProjects/BEv1.0/cmake-build-debug/CMakeFiles/CMakeTmp

Run Build Command:"/usr/bin/make" "cmTC_9739d/fast"
/usr/bin/make -f CMakeFiles/cmTC_9739d.dir/build.make CMakeFiles/cmTC_9739d.dir/build
make[1]: Entering directory '/home/user/CLionProjects/BEv1.0/cmake-build-debug/CMakeFiles/CMakeTmp'
Building C object CMakeFiles/cmTC_9739d.dir/CheckSymbolExists.c.o
/usr/bin/cc     -o CMakeFiles/cmTC_9739d.dir/CheckSymbolExists.c.o   -c /home/user/CLionProjects/BEv1.0/cmake-build-debug/CMakeFiles/CMakeTmp/CheckSymbolExists.c
Linking C executable cmTC_9739d
/opt/new_clion/clion-2017.1.3/bin/cmake/bin/cmake -E cmake_link_script CMakeFiles/cmTC_9739d.dir/link.txt --verbose=1
/usr/bin/cc       CMakeFiles/cmTC_9739d.dir/CheckSymbolExists.c.o  -o cmTC_9739d 
CMakeFiles/cmTC_9739d.dir/CheckSymbolExists.c.o: In function `main':
CheckSymbolExists.c:(.text+0x16): undefined reference to `pthread_create'
collect2: error: ld returned 1 exit status
CMakeFiles/cmTC_9739d.dir/build.make:97: recipe for target 'cmTC_9739d' failed
make[1]: *** [cmTC_9739d] Error 1
make[1]: Leaving directory '/home/user/CLionProjects/BEv1.0/cmake-build-debug/CMakeFiles/CMakeTmp'
Makefile:126: recipe for target 'cmTC_9739d/fast' failed
make: *** [cmTC_9739d/fast] Error 2

File /home/user/CLionProjects/BEv1.0/cmake-build-debug/CMakeFiles/CMakeTmp/CheckSymbolExists.c:
/* */
#include <pthread.h>

int main(int argc, char** argv)
{
  (void)argv;
#ifndef pthread_create
  return ((int*)(&pthread_create))[argc];
#else
  (void)argc;
  return 0;
#endif
}

Determining if the function pthread_create exists in the pthreads failed with the following output:
Change Dir: /home/user/CLionProjects/BEv1.0/cmake-build-debug/CMakeFiles/CMakeTmp

Run Build Command:"/usr/bin/make" "cmTC_8030d/fast"
/usr/bin/make -f CMakeFiles/cmTC_8030d.dir/build.make CMakeFiles/cmTC_8030d.dir/build
make[1]: Entering directory '/home/user/CLionProjects/BEv1.0/cmake-build-debug/CMakeFiles/CMakeTmp'
Building C object CMakeFiles/cmTC_8030d.dir/CheckFunctionExists.c.o
/usr/bin/cc    -DCHECK_FUNCTION_EXISTS=pthread_create   -o CMakeFiles/cmTC_8030d.dir/CheckFunctionExists.c.o   -c /opt/new_clion/clion-2017.1.3/bin/cmake/share/cmake-3.7/Modules/CheckFunctionExists.c
Linking C executable cmTC_8030d
/opt/new_clion/clion-2017.1.3/bin/cmake/bin/cmake -E cmake_link_script CMakeFiles/cmTC_8030d.dir/link.txt --verbose=1
/usr/bin/cc   -DCHECK_FUNCTION_EXISTS=pthread_create    CMakeFiles/cmTC_8030d.dir/CheckFunctionExists.c.o  -o cmTC_8030d -lpthreads 
/usr/bin/ld: cannot find -lpthreads
collect2: error: ld returned 1 exit status
CMakeFiles/cmTC_8030d.dir/build.make:97: recipe for target 'cmTC_8030d' failed
make[1]: *** [cmTC_8030d] Error 1
make[1]: Leaving directory '/home/user/CLionProjects/BEv1.0/cmake-build-debug/CMakeFiles/CMakeTmp'
Makefile:126: recipe for target 'cmTC_8030d/fast' failed
make: *** [cmTC_8030d/fast] Error 2


