Determining if the pthread_create exist failed with the following output:
Change Dir: /home/user/CLionProjects/paralle_qsort/cmake-build-debug/CMakeFiles/CMakeTmp

Run Build Command:"/usr/bin/make" "cmTC_4aad8/fast"
/usr/bin/make -f CMakeFiles/cmTC_4aad8.dir/build.make CMakeFiles/cmTC_4aad8.dir/build
make[1]: Entering directory '/home/user/CLionProjects/paralle_qsort/cmake-build-debug/CMakeFiles/CMakeTmp'
Building C object CMakeFiles/cmTC_4aad8.dir/CheckSymbolExists.c.o
/usr/bin/cc     -o CMakeFiles/cmTC_4aad8.dir/CheckSymbolExists.c.o   -c /home/user/CLionProjects/paralle_qsort/cmake-build-debug/CMakeFiles/CMakeTmp/CheckSymbolExists.c
Linking C executable cmTC_4aad8
/opt/new_clion/clion-2017.1.3/bin/cmake/bin/cmake -E cmake_link_script CMakeFiles/cmTC_4aad8.dir/link.txt --verbose=1
/usr/bin/cc       CMakeFiles/cmTC_4aad8.dir/CheckSymbolExists.c.o  -o cmTC_4aad8 
CMakeFiles/cmTC_4aad8.dir/CheckSymbolExists.c.o: In function `main':
CheckSymbolExists.c:(.text+0x16): undefined reference to `pthread_create'
collect2: error: ld returned 1 exit status
CMakeFiles/cmTC_4aad8.dir/build.make:97: recipe for target 'cmTC_4aad8' failed
make[1]: *** [cmTC_4aad8] Error 1
make[1]: Leaving directory '/home/user/CLionProjects/paralle_qsort/cmake-build-debug/CMakeFiles/CMakeTmp'
Makefile:126: recipe for target 'cmTC_4aad8/fast' failed
make: *** [cmTC_4aad8/fast] Error 2

File /home/user/CLionProjects/paralle_qsort/cmake-build-debug/CMakeFiles/CMakeTmp/CheckSymbolExists.c:
/* */
#include <pthread.h>

int main(int argc, char** argv)
{
  (void)argv;
#ifndef pthread_create
  return ((int*)(&pthread_create))[argc];
#else
  (void)argc;
  return 0;
#endif
}

Determining if the function pthread_create exists in the pthreads failed with the following output:
Change Dir: /home/user/CLionProjects/paralle_qsort/cmake-build-debug/CMakeFiles/CMakeTmp

Run Build Command:"/usr/bin/make" "cmTC_aef17/fast"
/usr/bin/make -f CMakeFiles/cmTC_aef17.dir/build.make CMakeFiles/cmTC_aef17.dir/build
make[1]: Entering directory '/home/user/CLionProjects/paralle_qsort/cmake-build-debug/CMakeFiles/CMakeTmp'
Building C object CMakeFiles/cmTC_aef17.dir/CheckFunctionExists.c.o
/usr/bin/cc    -DCHECK_FUNCTION_EXISTS=pthread_create   -o CMakeFiles/cmTC_aef17.dir/CheckFunctionExists.c.o   -c /opt/new_clion/clion-2017.1.3/bin/cmake/share/cmake-3.7/Modules/CheckFunctionExists.c
Linking C executable cmTC_aef17
/opt/new_clion/clion-2017.1.3/bin/cmake/bin/cmake -E cmake_link_script CMakeFiles/cmTC_aef17.dir/link.txt --verbose=1
/usr/bin/cc   -DCHECK_FUNCTION_EXISTS=pthread_create    CMakeFiles/cmTC_aef17.dir/CheckFunctionExists.c.o  -o cmTC_aef17 -lpthreads 
/usr/bin/ld: cannot find -lpthreads
collect2: error: ld returned 1 exit status
CMakeFiles/cmTC_aef17.dir/build.make:97: recipe for target 'cmTC_aef17' failed
make[1]: *** [cmTC_aef17] Error 1
make[1]: Leaving directory '/home/user/CLionProjects/paralle_qsort/cmake-build-debug/CMakeFiles/CMakeTmp'
Makefile:126: recipe for target 'cmTC_aef17/fast' failed
make: *** [cmTC_aef17/fast] Error 2


